2024-08-07 07:17:48 - Launching cluster....
2024-08-07 07:18:33 - Cluster launched successfully.
2024-08-07 07:18:33 - Configuration of the cluster....
2024-08-07 07:18:43 - NameNode is available.
2024-08-07 07:18:50 - Directory /user/spark/spark-logs already exists.
2024-08-07 07:18:57 - Directory /user/spark/jars already exists.
2024-08-07 07:44:26 - Checking cluster status....
2024-08-07 07:44:26 - NameNode is running.
2024-08-07 07:44:26 - Cluster status check completed.
2024-08-07 07:45:22 - Checking cluster status....
2024-08-07 07:45:22 - NameNode is running.
2024-08-07 07:45:22 - Cluster status check completed.
2024-08-07 07:46:12 - Starting data backup....
2024-08-07 07:46:14 - Created backup directory /backup on HDFS.
2024-08-07 07:46:25 - Backup of /user/spark completed successfully.
2024-08-07 07:48:00 - Setting up monitoring services....
2024-08-07 07:48:12 - Stopping cluster....
2024-08-07 07:48:59 - Cluster stopped successfully.
2024-08-07 07:55:12 - Launching cluster....
2024-08-07 07:57:09 - Cluster launched successfully.
2024-08-07 07:57:09 - Configuration of the cluster....
2024-08-07 07:57:20 - NameNode is available.
2024-08-07 07:57:30 - Directory /user/spark/spark-logs already exists.
2024-08-07 07:57:42 - Directory /user/spark/jars already exists.
2024-08-07 10:38:39 - Stopping cluster....
2024-08-07 10:39:24 - Cluster stopped successfully.
2024-08-07 11:02:06 - Launching cluster....
2024-08-07 11:02:43 - Cluster launched successfully.
2024-08-07 11:02:43 - Configuration of the cluster....
2024-08-07 11:02:54 - NameNode is available.
2024-08-07 11:03:06 - Directory /user/spark/spark-logs already exists.
2024-08-07 11:03:23 - Directory /user/spark/jars already exists.
2024-08-07 11:25:17 - Stopping cluster....
2024-08-07 11:26:09 - Cluster stopped successfully.
